\BOOKMARK [1][-]{section.1}{Descripción General.}{}% 1
\BOOKMARK [2][-]{subsection.1.1}{Hidrografía.}{section.1}% 2
\BOOKMARK [3][-]{subsubsection.1.1.1}{Río Turbio.}{subsection.1.1}% 3
\BOOKMARK [3][-]{subsubsection.1.1.2}{Río Claro.}{subsection.1.1}% 4
\BOOKMARK [2][-]{subsection.1.2}{Clima.}{section.1}% 5
\BOOKMARK [3][-]{subsubsection.1.2.1}{Clima Estepárico costero o Nuboso.}{subsection.1.2}% 6
\BOOKMARK [3][-]{subsubsection.1.2.2}{Clima Estepa Cálido.}{subsection.1.2}% 7
\BOOKMARK [3][-]{subsubsection.1.2.3}{Clima Templado Frío de Altura.}{subsection.1.2}% 8
\BOOKMARK [1][-]{section.2}{Organizaciones involucradas en la administración del recurso hídrico en la cuenca del Río Elqui.}{}% 9
\BOOKMARK [2][-]{subsection.2.1}{Junta\040de\040Vigilancia\040Estero\040Derecho.}{section.2}% 10
\BOOKMARK [2][-]{subsection.2.2}{Junta de Vigilancia del Río Elqui y sus afluentes.}{section.2}% 11
\BOOKMARK [1][-]{section.3}{Estructura administrativa de la Junta de Vigilancia del Río Elqui.}{}% 12
\BOOKMARK [1][-]{section.4}{Administración del recurso hídrico JVRE.}{}% 13
\BOOKMARK [2][-]{subsection.4.1}{Primera sección.}{section.4}% 14
\BOOKMARK [2][-]{subsection.4.2}{Segunda sección.}{section.4}% 15
\BOOKMARK [2][-]{subsection.4.3}{Tercera sección.}{section.4}% 16
\BOOKMARK [1][-]{section.5}{Infraestructura para la distribución de las Aguas \(JVRE\).}{}% 17
\BOOKMARK [2][-]{subsection.5.1}{Embalse\040La\040Laguna.}{section.5}% 18
\BOOKMARK [2][-]{subsection.5.2}{Embalse\040Puclaro.}{section.5}% 19
\BOOKMARK [2][-]{subsection.5.3}{Red\040de\040Canales.}{section.5}% 20
\BOOKMARK [1][-]{section.6}{Bibliografía}{}% 21
