\BOOKMARK [1][-]{section.1}{ANTECEDENTES\040GENERALES}{}% 1
\BOOKMARK [1][-]{section.2}{EJECUCIÓN PRESUPUESTARIA DEL PROYECTO}{}% 2
\BOOKMARK [2][-]{subsection.2.1}{Saldo\040real\040disponible\040en\040el\040proyecto}{section.2}% 3
\BOOKMARK [2][-]{subsection.2.2}{Diferencia\040entre\040el\040saldo\040real\040disponible\040y\040lo\040ingresado\040en\040el\040SDGL}{section.2}% 4
\BOOKMARK [1][-]{section.3}{RESUMEN\040DEL\040PERIODO}{}% 5
\BOOKMARK [1][-]{section.4}{OBJETIVO\040GENERAL\040DEL\040PROYECTO}{}% 6
\BOOKMARK [1][-]{section.5}{OBJETIVOS\040ESPECIFICOS\040\(OE\)}{}% 7
\BOOKMARK [2][-]{subsection.5.1}{Porcentaje\040de\040Avance}{section.5}% 8
\BOOKMARK [1][-]{section.6}{RESULTADOS\040ESPERADOS\040\(RE\)}{}% 9
\BOOKMARK [2][-]{subsection.6.1}{Cuantificación del avance de los RE a la fecha}{section.6}% 10
\BOOKMARK [1][-]{section.7}{CAMBIOS\040Y/O\040PROBLEMAS}{}% 11
\BOOKMARK [1][-]{section.8}{ACTIVIDADES\040REALIZADAS\040EN\040EL\040PERIODO}{}% 12
\BOOKMARK [2][-]{subsection.8.1}{Actividades programadas en el plan operativo y realizadas en el período del informe.}{section.8}% 13
\BOOKMARK [2][-]{subsection.8.2}{Actividades programadas y no realizadas en el período del informe.}{section.8}% 14
\BOOKMARK [2][-]{subsection.8.3}{Actividades programadas para otros períodos y realizadas en el período del informe.}{section.8}% 15
\BOOKMARK [2][-]{subsection.8.4}{Actividades no programadas y realizadas en el período del informe.}{section.8}% 16
\BOOKMARK [1][-]{section.9}{HITOS CRÍTICOS DEL PERÌODO}{}% 17
\BOOKMARK [2][-]{subsection.9.1}{En caso de hitos críticos no cumplidos en el período, explique las razones y entregue una propuesta de ajuste y solución en el corto plazo.}{section.9}% 18
\BOOKMARK [1][-]{section.10}{CAMBIOS\040EN\040EL\040ENTORNO}{}% 19
\BOOKMARK [1][-]{section.11}{DIFUSIÓN}{}% 20
\BOOKMARK [2][-]{subsection.11.1}{Actividades de difusión programadas durante el período:}{section.11}% 21
\BOOKMARK [2][-]{subsection.11.2}{Actividades de difusión realizadas durante el período:}{section.11}% 22
\BOOKMARK [1][-]{section.12}{CONCLUSIONES}{}% 23
\BOOKMARK [2][-]{subsection.12.1}{¿Considera que los resultados obtenidos hasta la fecha permitirán alcanzar el objetivo general del proyecto?.}{section.12}% 24
\BOOKMARK [2][-]{subsection.12.2}{¿Considera que el objetivo general del proyecto se cumplirá en los plazos establecidos en el plan operativo?.}{section.12}% 25
\BOOKMARK [2][-]{subsection.12.3}{¿Há tenido dificultades o inconvenientes en el desarrollo del proyecto?.}{section.12}% 26
\BOOKMARK [2][-]{subsection.12.4}{¿Cómo ha sido el funcionamiento del equipo técnico del proyecto y la relación con los asociados, si los hubiere?.}{section.12}% 27
\BOOKMARK [2][-]{subsection.12.5}{En relación a lo trabajado en el período informado, ¿tiene alguna recomendación para el desarrollo futuro del proyecto?.}{section.12}% 28
\BOOKMARK [2][-]{subsection.12.6}{Mencione\040otros\040aspectos\040que\040considere\040relevante\040informar,\040\(si\040los\040hubiere\).}{section.12}% 29
\BOOKMARK [1][-]{section.13}{ANEXOS}{}% 30
\BOOKMARK [1][-]{section.14}{Cuenca del río Elqui}{}% 31
\BOOKMARK [2][-]{subsection.14.1}{Hidrografía}{section.14}% 32
\BOOKMARK [3][-]{subsubsection.14.1.1}{Río Turbio.}{subsection.14.1}% 33
\BOOKMARK [3][-]{subsubsection.14.1.2}{Río Claro.}{subsection.14.1}% 34
\BOOKMARK [2][-]{subsection.14.2}{Clima.}{section.14}% 35
\BOOKMARK [3][-]{subsubsection.14.2.1}{Clima Estepárico costero o Nuboso.}{subsection.14.2}% 36
\BOOKMARK [3][-]{subsubsection.14.2.2}{Clima Estepa Cálido.}{subsection.14.2}% 37
\BOOKMARK [3][-]{subsubsection.14.2.3}{Clima Templado Frío de Altura.}{subsection.14.2}% 38
\BOOKMARK [1][-]{section.15}{Organizaciones involucradas en la administración del recurso hídrico en la cuenca del Río Elqui.}{}% 39
\BOOKMARK [2][-]{subsection.15.1}{Junta\040de\040Vigilancia\040Estero\040Derecho.}{section.15}% 40
\BOOKMARK [2][-]{subsection.15.2}{Junta de Vigilancia del Río Elqui y sus afluentes.}{section.15}% 41
\BOOKMARK [1][-]{section.16}{Estructura administrativa de la Junta de Vigilancia del Río Elqui.}{}% 42
\BOOKMARK [1][-]{section.17}{Administración del recurso hídrico JVRE.}{}% 43
\BOOKMARK [2][-]{subsection.17.1}{Primera sección.}{section.17}% 44
\BOOKMARK [2][-]{subsection.17.2}{Segunda sección.}{section.17}% 45
\BOOKMARK [2][-]{subsection.17.3}{Tercera sección.}{section.17}% 46
\BOOKMARK [1][-]{section.18}{Infraestructura de almacenamiento y distribución de aguas \(JVRE\).}{}% 47
\BOOKMARK [2][-]{subsection.18.1}{Embalse\040La\040Laguna.}{section.18}% 48
\BOOKMARK [2][-]{subsection.18.2}{Embalse\040Puclaro.}{section.18}% 49
\BOOKMARK [2][-]{subsection.18.3}{Red\040de\040Canales.}{section.18}% 50
\BOOKMARK [1][-]{section.19}{Levantamiento de información acerca de la asignación de los recursos hídricos por parte de la JVRE}{}% 51
\BOOKMARK [2][-]{subsection.19.1}{Información bibliográfica sobre la distribución hídrica JVRE}{section.19}% 52
\BOOKMARK [2][-]{subsection.19.2}{Reuniones Técnicas}{section.19}% 53
\BOOKMARK [2][-]{subsection.19.3}{Entrevistas}{section.19}% 54
\BOOKMARK [2][-]{subsection.19.4}{Descripción de la regla operacional existente}{section.19}% 55
\BOOKMARK [2][-]{subsection.19.5}{Selección y jerarquización de criterios de operación}{section.19}% 56
\BOOKMARK [2][-]{subsection.19.6}{Validación de criterios de operación}{section.19}% 57
\BOOKMARK [1][-]{section.20}{Modelo\040WEAP}{}% 58
\BOOKMARK [1][-]{section.21}{Modelo Hidrológico Base}{}% 59
\BOOKMARK [2][-]{subsection.21.1}{Descripción del Modelo: Cuenca del Río Elqui CRDP - PROMMRA}{section.21}% 60
\BOOKMARK [3][-]{subsubsection.21.1.1}{Cauces\040Naturales}{subsection.21.1}% 61
\BOOKMARK [3][-]{subsubsection.21.1.2}{Cauces\040Artificiales}{subsection.21.1}% 62
\BOOKMARK [3][-]{subsubsection.21.1.3}{Embalses}{subsection.21.1}% 63
\BOOKMARK [3][-]{subsubsection.21.1.4}{Acuíferos}{subsection.21.1}% 64
\BOOKMARK [3][-]{subsubsection.21.1.5}{Sitios\040de\040Demanda}{subsection.21.1}% 65
\BOOKMARK [3][-]{subsubsection.21.1.6}{Sitios de Demanda Agrícola}{subsection.21.1}% 66
\BOOKMARK [2][-]{subsection.21.2}{Actualización del modelo Elqui}{section.21}% 67
\BOOKMARK [3][-]{subsubsection.21.2.1}{Temporada Hídrica JVRE}{subsection.21.2}% 68
\BOOKMARK [3][-]{subsubsection.21.2.2}{Operación de los embalse en el modelo}{subsection.21.2}% 69
\BOOKMARK [3][-]{subsubsection.21.2.3}{Incorporación Regla Operacional JVRE}{subsection.21.2}% 70
\BOOKMARK [2][-]{subsection.21.3}{Calibración y Validación del modelo Elqui}{section.21}% 71
\BOOKMARK [1][-]{section.22}{Citas}{}% 72
\BOOKMARK [2][-]{subsection.22.1}{Información importante acerca de las citas}{section.22}% 73
\BOOKMARK [1][-]{section.23}{Tablas}{}% 74
